#
# There is insufficient memory for the Java Runtime Environment to continue.
# Native memory allocation (malloc) failed to allocate 42991616 bytes for committing reserved memory.
# Possible reasons:
#   The system is out of physical RAM or swap space
#   In 32 bit mode, the process size limit was hit
# Possible solutions:
#   Reduce memory load on the system
#   Increase physical memory or swap space
#   Check if swap backing store is full
#   Use 64 bit Java on a 64 bit OS
#   Decrease Java heap size (-Xmx/-Xms)
#   Decrease number of Java threads
#   Decrease Java thread stack sizes (-Xss)
#   Set larger code cache with -XX:ReservedCodeCacheSize=
# This output file may be truncated or incomplete.
#
#  Out of Memory Error (os_linux.cpp:2809), pid=21550, tid=140121880512256
#
# JRE version:  (7.0_79-b14) (build )
# Java VM: OpenJDK 64-Bit Server VM (24.79-b02 mixed mode linux-amd64 compressed oops)
# Derivative: IcedTea 2.5.5
# Distribution: Ubuntu 14.04 LTS, package 7u79-2.5.5-0ubuntu0.14.04.2
# Failed to write core dump. Core dumps have been disabled. To enable core dumping, try "ulimit -c unlimited" before starting Java again
#

---------------  T H R E A D  ---------------

Current thread (0x00007f70a400a000):  JavaThread "Unknown thread" [_thread_in_vm, id=21551, stack(0x00007f70aad9c000,0x00007f70aae9d000)]

Stack: [0x00007f70aad9c000,0x00007f70aae9d000],  sp=0x00007f70aae9b4b0,  free space=1021k
Native frames: (J=compiled Java code, j=interpreted, Vv=VM code, C=native code)
V  [libjvm.so+0x94aec5]  VMError::report_and_die()+0x175
V  [libjvm.so+0x48b9c4]  report_vm_out_of_memory(char const*, int, unsigned long, char const*)+0x74
V  [libjvm.so+0x7c806b]  os::pd_commit_memory(char*, unsigned long, unsigned long, bool)+0xeb
V  [libjvm.so+0x7c2b0f]  os::commit_memory(char*, unsigned long, unsigned long, bool)+0x1f
V  [libjvm.so+0x83500b]  PSVirtualSpace::expand_by(unsigned long)+0x5b
V  [libjvm.so+0x835d7b]  PSYoungGen::initialize_virtual_space(ReservedSpace, unsigned long)+0xbb
V  [libjvm.so+0x836450]  PSYoungGen::initialize(ReservedSpace, unsigned long)+0x50
V  [libjvm.so+0x2a5792]  AdjoiningGenerations::AdjoiningGenerations(ReservedSpace, unsigned long, unsigned long, unsigned long, unsigned long, unsigned long, unsigned long, unsigned long)+0x342
V  [libjvm.so+0x7e8560]  ParallelScavengeHeap::initialize()+0x5b0
V  [libjvm.so+0x91b937]  Universe::initialize_heap()+0xc7
V  [libjvm.so+0x91bc67]  universe_init()+0x67
V  [libjvm.so+0x59d2a5]  init_globals()+0x55
V  [libjvm.so+0x8fe64f]  Threads::create_vm(JavaVMInitArgs*, bool*)+0x35f
V  [libjvm.so+0x608624]  JNI_CreateJavaVM+0x54
C  [libjli.so+0x2b48]


---------------  P R O C E S S  ---------------

Java Threads: ( => current thread )

Other Threads:

=>0x00007f70a400a000 (exited) JavaThread "Unknown thread" [_thread_in_vm, id=21551, stack(0x00007f70aad9c000,0x00007f70aae9d000)]

VM state:not at safepoint (not fully initialized)

VM Mutex/Monitor currently owned by a thread: None

GC Heap History (0 events):
No events

Deoptimization events (0 events):
No events

Internal exceptions (0 events):
No events

Events (0 events):
No events


Dynamic libraries:
00400000-00401000 r-xp 00000000 fc:01 5900872                            /usr/lib/jvm/java-7-openjdk-amd64/jre/bin/java
00600000-00601000 r--p 00000000 fc:01 5900872                            /usr/lib/jvm/java-7-openjdk-amd64/jre/bin/java
00601000-00602000 rw-p 00001000 fc:01 5900872                            /usr/lib/jvm/java-7-openjdk-amd64/jre/bin/java
01551000-01572000 rw-p 00000000 00:00 0                                  [heap]
77ae00000-7d7100000 rw-p 00000000 00:00 0 
7d9a00000-800000000 rw-p 00000000 00:00 0 
7f70a036d000-7f70a05a7000 rw-p 00000000 00:00 0 
7f70a05a7000-7f70a09d0000 rw-p 00000000 00:00 0 
7f70a09d0000-7f70a09d1000 rw-p 00000000 00:00 0 
7f70a09d1000-7f70a0c41000 rwxp 00000000 00:00 0 
7f70a0c41000-7f70a39d1000 rw-p 00000000 00:00 0 
7f70a39d1000-7f70a39d9000 r-xp 00000000 fc:01 5900919                    /usr/lib/jvm/java-7-openjdk-amd64/jre/lib/amd64/libzip.so
7f70a39d9000-7f70a3bd8000 ---p 00008000 fc:01 5900919                    /usr/lib/jvm/java-7-openjdk-amd64/jre/lib/amd64/libzip.so
7f70a3bd8000-7f70a3bd9000 r--p 00007000 fc:01 5900919                    /usr/lib/jvm/java-7-openjdk-amd64/jre/lib/amd64/libzip.so
7f70a3bd9000-7f70a3bda000 rw-p 00008000 fc:01 5900919                    /usr/lib/jvm/java-7-openjdk-amd64/jre/lib/amd64/libzip.so
7f70a3bda000-7f70a3be5000 r-xp 00000000 fc:01 1052736                    /lib/x86_64-linux-gnu/libnss_files-2.19.so
7f70a3be5000-7f70a3de4000 ---p 0000b000 fc:01 1052736                    /lib/x86_64-linux-gnu/libnss_files-2.19.so
7f70a3de4000-7f70a3de5000 r--p 0000a000 fc:01 1052736                    /lib/x86_64-linux-gnu/libnss_files-2.19.so
7f70a3de5000-7f70a3de6000 rw-p 0000b000 fc:01 1052736                    /lib/x86_64-linux-gnu/libnss_files-2.19.so
7f70a3de6000-7f70a3dfd000 r-xp 00000000 fc:01 1056485                    /lib/x86_64-linux-gnu/libnsl-2.19.so
7f70a3dfd000-7f70a3ffc000 ---p 00017000 fc:01 1056485                    /lib/x86_64-linux-gnu/libnsl-2.19.so
7f70a3ffc000-7f70a3ffd000 r--p 00016000 fc:01 1056485                    /lib/x86_64-linux-gnu/libnsl-2.19.so
7f70a3ffd000-7f70a3ffe000 rw-p 00017000 fc:01 1056485                    /lib/x86_64-linux-gnu/libnsl-2.19.so
7f70a3ffe000-7f70a4000000 rw-p 00000000 00:00 0 
7f70a4000000-7f70a4022000 rw-p 00000000 00:00 0 
7f70a4022000-7f70a8000000 ---p 00000000 00:00 0 
7f70a8009000-7f70a8014000 r-xp 00000000 fc:01 1056496                    /lib/x86_64-linux-gnu/libnss_nis-2.19.so
7f70a8014000-7f70a8213000 ---p 0000b000 fc:01 1056496                    /lib/x86_64-linux-gnu/libnss_nis-2.19.so
7f70a8213000-7f70a8214000 r--p 0000a000 fc:01 1056496                    /lib/x86_64-linux-gnu/libnss_nis-2.19.so
7f70a8214000-7f70a8215000 rw-p 0000b000 fc:01 1056496                    /lib/x86_64-linux-gnu/libnss_nis-2.19.so
7f70a8215000-7f70a821e000 r-xp 00000000 fc:01 1056484                    /lib/x86_64-linux-gnu/libnss_compat-2.19.so
7f70a821e000-7f70a841d000 ---p 00009000 fc:01 1056484                    /lib/x86_64-linux-gnu/libnss_compat-2.19.so
7f70a841d000-7f70a841e000 r--p 00008000 fc:01 1056484                    /lib/x86_64-linux-gnu/libnss_compat-2.19.so
7f70a841e000-7f70a841f000 rw-p 00009000 fc:01 1056484                    /lib/x86_64-linux-gnu/libnss_compat-2.19.so
7f70a841f000-7f70a844a000 r-xp 00000000 fc:01 5900936                    /usr/lib/jvm/java-7-openjdk-amd64/jre/lib/amd64/libjava.so
7f70a844a000-7f70a864a000 ---p 0002b000 fc:01 5900936                    /usr/lib/jvm/java-7-openjdk-amd64/jre/lib/amd64/libjava.so
7f70a864a000-7f70a864b000 r--p 0002b000 fc:01 5900936                    /usr/lib/jvm/java-7-openjdk-amd64/jre/lib/amd64/libjava.so
7f70a864b000-7f70a864d000 rw-p 0002c000 fc:01 5900936                    /usr/lib/jvm/java-7-openjdk-amd64/jre/lib/amd64/libjava.so
7f70a864d000-7f70a865d000 r-xp 00000000 fc:01 5900933                    /usr/lib/jvm/java-7-openjdk-amd64/jre/lib/amd64/libverify.so
7f70a865d000-7f70a885c000 ---p 00010000 fc:01 5900933                    /usr/lib/jvm/java-7-openjdk-amd64/jre/lib/amd64/libverify.so
7f70a885c000-7f70a885e000 r--p 0000f000 fc:01 5900933                    /usr/lib/jvm/java-7-openjdk-amd64/jre/lib/amd64/libverify.so
7f70a885e000-7f70a885f000 rw-p 00011000 fc:01 5900933                    /usr/lib/jvm/java-7-openjdk-amd64/jre/lib/amd64/libverify.so
7f70a885f000-7f70a8866000 r-xp 00000000 fc:01 1056493                    /lib/x86_64-linux-gnu/librt-2.19.so
7f70a8866000-7f70a8a65000 ---p 00007000 fc:01 1056493                    /lib/x86_64-linux-gnu/librt-2.19.so
7f70a8a65000-7f70a8a66000 r--p 00006000 fc:01 1056493                    /lib/x86_64-linux-gnu/librt-2.19.so
7f70a8a66000-7f70a8a67000 rw-p 00007000 fc:01 1056493                    /lib/x86_64-linux-gnu/librt-2.19.so
7f70a8a67000-7f70a8a7d000 r-xp 00000000 fc:01 1052577                    /lib/x86_64-linux-gnu/libgcc_s.so.1
7f70a8a7d000-7f70a8c7c000 ---p 00016000 fc:01 1052577                    /lib/x86_64-linux-gnu/libgcc_s.so.1
7f70a8c7c000-7f70a8c7d000 rw-p 00015000 fc:01 1052577                    /lib/x86_64-linux-gnu/libgcc_s.so.1
7f70a8c7d000-7f70a8d82000 r-xp 00000000 fc:01 1052612                    /lib/x86_64-linux-gnu/libm-2.19.so
7f70a8d82000-7f70a8f81000 ---p 00105000 fc:01 1052612                    /lib/x86_64-linux-gnu/libm-2.19.so
7f70a8f81000-7f70a8f82000 r--p 00104000 fc:01 1052612                    /lib/x86_64-linux-gnu/libm-2.19.so
7f70a8f82000-7f70a8f83000 rw-p 00105000 fc:01 1052612                    /lib/x86_64-linux-gnu/libm-2.19.so
7f70a8f83000-7f70a9069000 r-xp 00000000 fc:01 5907399                    /usr/lib/x86_64-linux-gnu/libstdc++.so.6.0.19
7f70a9069000-7f70a9268000 ---p 000e6000 fc:01 5907399                    /usr/lib/x86_64-linux-gnu/libstdc++.so.6.0.19
7f70a9268000-7f70a9270000 r--p 000e5000 fc:01 5907399                    /usr/lib/x86_64-linux-gnu/libstdc++.so.6.0.19
7f70a9270000-7f70a9272000 rw-p 000ed000 fc:01 5907399                    /usr/lib/x86_64-linux-gnu/libstdc++.so.6.0.19
7f70a9272000-7f70a9287000 rw-p 00000000 00:00 0 
7f70a9287000-7f70a9d9f000 r-xp 00000000 fc:01 5900941                    /usr/lib/jvm/java-7-openjdk-amd64/jre/lib/amd64/server/libjvm.so
7f70a9d9f000-7f70a9f9f000 ---p 00b18000 fc:01 5900941                    /usr/lib/jvm/java-7-openjdk-amd64/jre/lib/amd64/server/libjvm.so
7f70a9f9f000-7f70aa039000 r--p 00b18000 fc:01 5900941                    /usr/lib/jvm/java-7-openjdk-amd64/jre/lib/amd64/server/libjvm.so
7f70aa039000-7f70aa05c000 rw-p 00bb2000 fc:01 5900941                    /usr/lib/jvm/java-7-openjdk-amd64/jre/lib/amd64/server/libjvm.so
7f70aa05c000-7f70aa08a000 rw-p 00000000 00:00 0 
7f70aa08a000-7f70aa0a2000 r-xp 00000000 fc:01 1052763                    /lib/x86_64-linux-gnu/libz.so.1.2.8
7f70aa0a2000-7f70aa2a1000 ---p 00018000 fc:01 1052763                    /lib/x86_64-linux-gnu/libz.so.1.2.8
7f70aa2a1000-7f70aa2a2000 r--p 00017000 fc:01 1052763                    /lib/x86_64-linux-gnu/libz.so.1.2.8
7f70aa2a2000-7f70aa2a3000 rw-p 00018000 fc:01 1052763                    /lib/x86_64-linux-gnu/libz.so.1.2.8
7f70aa2a3000-7f70aa2bc000 r-xp 00000000 fc:01 1056491                    /lib/x86_64-linux-gnu/libpthread-2.19.so
7f70aa2bc000-7f70aa4bb000 ---p 00019000 fc:01 1056491                    /lib/x86_64-linux-gnu/libpthread-2.19.so
7f70aa4bb000-7f70aa4bc000 r--p 00018000 fc:01 1056491                    /lib/x86_64-linux-gnu/libpthread-2.19.so
7f70aa4bc000-7f70aa4bd000 rw-p 00019000 fc:01 1056491                    /lib/x86_64-linux-gnu/libpthread-2.19.so
7f70aa4bd000-7f70aa4c1000 rw-p 00000000 00:00 0 
7f70aa4c1000-7f70aa4c4000 r-xp 00000000 fc:01 1056479                    /lib/x86_64-linux-gnu/libdl-2.19.so
7f70aa4c4000-7f70aa6c3000 ---p 00003000 fc:01 1056479                    /lib/x86_64-linux-gnu/libdl-2.19.so
7f70aa6c3000-7f70aa6c4000 r--p 00002000 fc:01 1056479                    /lib/x86_64-linux-gnu/libdl-2.19.so
7f70aa6c4000-7f70aa6c5000 rw-p 00003000 fc:01 1056479                    /lib/x86_64-linux-gnu/libdl-2.19.so
7f70aa6c5000-7f70aa880000 r-xp 00000000 fc:01 1056490                    /lib/x86_64-linux-gnu/libc-2.19.so
7f70aa880000-7f70aaa7f000 ---p 001bb000 fc:01 1056490                    /lib/x86_64-linux-gnu/libc-2.19.so
7f70aaa7f000-7f70aaa83000 r--p 001ba000 fc:01 1056490                    /lib/x86_64-linux-gnu/libc-2.19.so
7f70aaa83000-7f70aaa85000 rw-p 001be000 fc:01 1056490                    /lib/x86_64-linux-gnu/libc-2.19.so
7f70aaa85000-7f70aaa8a000 rw-p 00000000 00:00 0 
7f70aaa8a000-7f70aaa97000 r-xp 00000000 fc:01 5900911                    /usr/lib/jvm/java-7-openjdk-amd64/jre/lib/amd64/jli/libjli.so
7f70aaa97000-7f70aac96000 ---p 0000d000 fc:01 5900911                    /usr/lib/jvm/java-7-openjdk-amd64/jre/lib/amd64/jli/libjli.so
7f70aac96000-7f70aac97000 r--p 0000c000 fc:01 5900911                    /usr/lib/jvm/java-7-openjdk-amd64/jre/lib/amd64/jli/libjli.so
7f70aac97000-7f70aac98000 rw-p 0000d000 fc:01 5900911                    /usr/lib/jvm/java-7-openjdk-amd64/jre/lib/amd64/jli/libjli.so
7f70aac98000-7f70aacbb000 r-xp 00000000 fc:01 1056487                    /lib/x86_64-linux-gnu/ld-2.19.so
7f70aacdc000-7f70aace6000 rw-p 00000000 00:00 0 
7f70aace6000-7f70aad9c000 rw-p 00000000 00:00 0 
7f70aad9c000-7f70aad9f000 ---p 00000000 00:00 0 
7f70aad9f000-7f70aaea2000 rw-p 00000000 00:00 0                          [stack:21551]
7f70aaeac000-7f70aaeae000 rw-p 00000000 00:00 0 
7f70aaeae000-7f70aaeb6000 rw-s 00000000 fc:01 5116335                    /tmp/hsperfdata_alistair/21550
7f70aaeb6000-7f70aaeb7000 rw-p 00000000 00:00 0 
7f70aaeb7000-7f70aaeb8000 r--p 00000000 00:00 0 
7f70aaeb8000-7f70aaeba000 rw-p 00000000 00:00 0 
7f70aaeba000-7f70aaebb000 r--p 00022000 fc:01 1056487                    /lib/x86_64-linux-gnu/ld-2.19.so
7f70aaebb000-7f70aaebc000 rw-p 00023000 fc:01 1056487                    /lib/x86_64-linux-gnu/ld-2.19.so
7f70aaebc000-7f70aaebd000 rw-p 00000000 00:00 0 
7fff70f0f000-7fff70f30000 rw-p 00000000 00:00 0                          [stack]
7fff70f7c000-7fff70f7e000 r-xp 00000000 00:00 0                          [vdso]
ffffffffff600000-ffffffffff601000 r-xp 00000000 00:00 0                  [vsyscall]

VM Arguments:
java_command: /opt/android-sdk-linux/tools/lib/archquery.jar
Launcher Type: SUN_STANDARD

Environment Variables:
JAVA_HOME=/usr/lib/jvm/java-7-openjdk-amd64
PATH=/usr/local/sbin:/usr/local/bin:/usr/sbin:/usr/bin:/sbin:/bin:/usr/games:/usr/local/games:/opt/android-sdk-linux/tools:/opt/android-sdk-linux/platform-tools:/opt/android-sdk-linux/build:/usr/lib/jvm/jave-7-openjdk-amd64/bin
SHELL=/usr/bin/zsh
DISPLAY=:0

Signal Handlers:
SIGSEGV: [libjvm.so+0x94b9a0], sa_mask[0]=0x7ffbfeff, sa_flags=0x10000004
SIGBUS: [libjvm.so+0x94b9a0], sa_mask[0]=0x7ffbfeff, sa_flags=0x10000004
SIGFPE: [libjvm.so+0x7c3880], sa_mask[0]=0x7ffbfeff, sa_flags=0x10000004
SIGPIPE: [libjvm.so+0x7c3880], sa_mask[0]=0x7ffbfeff, sa_flags=0x10000004
SIGXFSZ: [libjvm.so+0x7c3880], sa_mask[0]=0x7ffbfeff, sa_flags=0x10000004
SIGILL: [libjvm.so+0x7c3880], sa_mask[0]=0x7ffbfeff, sa_flags=0x10000004
SIGUSR1: SIG_DFL, sa_mask[0]=0x00000000, sa_flags=0x00000000
SIGUSR2: [libjvm.so+0x7c3720], sa_mask[0]=0x00000000, sa_flags=0x10000004
SIGHUP: SIG_DFL, sa_mask[0]=0x00000000, sa_flags=0x00000000
SIGINT: SIG_DFL, sa_mask[0]=0x00000000, sa_flags=0x00000000
SIGTERM: SIG_DFL, sa_mask[0]=0x00000000, sa_flags=0x00000000
SIGQUIT: SIG_DFL, sa_mask[0]=0x00000000, sa_flags=0x00000000
SIGTRAP: SIG_DFL, sa_mask[0]=0x00000000, sa_flags=0x00000000


---------------  S Y S T E M  ---------------

OS:Ubuntu 14.04 (trusty)
uname:Linux 3.13.0-49-generic #83-Ubuntu SMP Fri Apr 10 20:11:33 UTC 2015 x86_64
libc:glibc 2.19 NPTL 2.19 
rlimit: STACK 8192k, CORE 0k, NPROC 60826, NOFILE 4096, AS infinity
load average:21.34 8.99 3.79

/proc/meminfo:
MemTotal:        8043624 kB
MemFree:          102500 kB
Buffers:             296 kB
Cached:          1089872 kB
SwapCached:            0 kB
Active:          6723716 kB
Inactive:         950720 kB
Active(anon):    6723324 kB
Inactive(anon):   940252 kB
Active(file):        392 kB
Inactive(file):    10468 kB
Unevictable:          48 kB
Mlocked:              48 kB
SwapTotal:             0 kB
SwapFree:              0 kB
Dirty:                 4 kB
Writeback:             0 kB
AnonPages:       6584704 kB
Mapped:           307744 kB
Shmem:           1078920 kB
Slab:              93540 kB
SReclaimable:      36088 kB
SUnreclaim:        57452 kB
KernelStack:        7032 kB
PageTables:        73184 kB
NFS_Unstable:          0 kB
Bounce:                0 kB
WritebackTmp:          0 kB
CommitLimit:     4021812 kB
Committed_AS:   14528604 kB
VmallocTotal:   34359738367 kB
VmallocUsed:      359800 kB
VmallocChunk:   34359372404 kB
HardwareCorrupted:     0 kB
AnonHugePages:   1247232 kB
HugePages_Total:       0
HugePages_Free:        0
HugePages_Rsvd:        0
HugePages_Surp:        0
Hugepagesize:       2048 kB
DirectMap4k:       98352 kB
DirectMap2M:     1865728 kB
DirectMap1G:     6291456 kB


CPU:total 4 (4 cores per cpu, 1 threads per core) family 6 model 60 stepping 3, cmov, cx8, fxsr, mmx, sse, sse2, sse3, ssse3, sse4.1, sse4.2, popcnt, avx, avx2, aes, erms, tsc, tscinvbit

/proc/cpuinfo:
processor	: 0
vendor_id	: GenuineIntel
cpu family	: 6
model		: 60
model name	: Intel(R) Core(TM) i5-4460  CPU @ 3.20GHz
stepping	: 3
microcode	: 0x19
cpu MHz		: 1700.000
cache size	: 6144 KB
physical id	: 0
siblings	: 4
core id		: 0
cpu cores	: 4
apicid		: 0
initial apicid	: 0
fpu		: yes
fpu_exception	: yes
cpuid level	: 13
wp		: yes
flags		: fpu vme de pse tsc msr pae mce cx8 apic sep mtrr pge mca cmov pat pse36 clflush dts acpi mmx fxsr sse sse2 ss ht tm pbe syscall nx pdpe1gb rdtscp lm constant_tsc arch_perfmon pebs bts rep_good nopl xtopology nonstop_tsc aperfmperf eagerfpu pni pclmulqdq dtes64 monitor ds_cpl vmx est tm2 ssse3 fma cx16 xtpr pdcm pcid sse4_1 sse4_2 x2apic movbe popcnt tsc_deadline_timer aes xsave avx f16c rdrand lahf_lm abm ida arat epb xsaveopt pln pts dtherm tpr_shadow vnmi flexpriority ept vpid fsgsbase tsc_adjust bmi1 avx2 smep bmi2 erms invpcid
bogomips	: 6396.50
clflush size	: 64
cache_alignment	: 64
address sizes	: 39 bits physical, 48 bits virtual
power management:

processor	: 1
vendor_id	: GenuineIntel
cpu family	: 6
model		: 60
model name	: Intel(R) Core(TM) i5-4460  CPU @ 3.20GHz
stepping	: 3
microcode	: 0x19
cpu MHz		: 3201.000
cache size	: 6144 KB
physical id	: 0
siblings	: 4
core id		: 1
cpu cores	: 4
apicid		: 2
initial apicid	: 2
fpu		: yes
fpu_exception	: yes
cpuid level	: 13
wp		: yes
flags		: fpu vme de pse tsc msr pae mce cx8 apic sep mtrr pge mca cmov pat pse36 clflush dts acpi mmx fxsr sse sse2 ss ht tm pbe syscall nx pdpe1gb rdtscp lm constant_tsc arch_perfmon pebs bts rep_good nopl xtopology nonstop_tsc aperfmperf eagerfpu pni pclmulqdq dtes64 monitor ds_cpl vmx est tm2 ssse3 fma cx16 xtpr pdcm pcid sse4_1 sse4_2 x2apic movbe popcnt tsc_deadline_timer aes xsave avx f16c rdrand lahf_lm abm ida arat epb xsaveopt pln pts dtherm tpr_shadow vnmi flexpriority ept vpid fsgsbase tsc_adjust bmi1 avx2 smep bmi2 erms invpcid
bogomips	: 6396.50
clflush size	: 64
cache_alignment	: 64
address sizes	: 39 bits physical, 48 bits virtual
power management:

processor	: 2
vendor_id	: GenuineIntel
cpu family	: 6
model		: 60
model name	: Intel(R) Core(TM) i5-4460  CPU @ 3.20GHz
stepping	: 3
microcode	: 0x19
cpu MHz		: 3201.000
cache size	: 6144 KB
physical id	: 0
siblings	: 4
core id		: 2
cpu cores	: 4
apicid		: 4
initial apicid	: 4
fpu		: yes
fpu_exception	: yes
cpuid level	: 13
wp		: yes
flags		: fpu vme de pse tsc msr pae mce cx8 apic sep mtrr pge mca cmov pat pse36 clflush dts acpi mmx fxsr sse sse2 ss ht tm pbe syscall nx pdpe1gb rdtscp lm constant_tsc arch_perfmon pebs bts rep_good nopl xtopology nonstop_tsc aperfmperf eagerfpu pni pclmulqdq dtes64 monitor ds_cpl vmx est tm2 ssse3 fma cx16 xtpr pdcm pcid sse4_1 sse4_2 x2apic movbe popcnt tsc_deadline_timer aes xsave avx f16c rdrand lahf_lm abm ida arat epb xsaveopt pln pts dtherm tpr_shadow vnmi flexpriority ept vpid fsgsbase tsc_adjust bmi1 avx2 smep bmi2 erms invpcid
bogomips	: 6396.50
clflush size	: 64
cache_alignment	: 64
address sizes	: 39 bits physical, 48 bits virtual
power management:

processor	: 3
vendor_id	: GenuineIntel
cpu family	: 6
model		: 60
model name	: Intel(R) Core(TM) i5-4460  CPU @ 3.20GHz
stepping	: 3
microcode	: 0x19
cpu MHz		: 3201.000
cache size	: 6144 KB
physical id	: 0
siblings	: 4
core id		: 3
cpu cores	: 4
apicid		: 6
initial apicid	: 6
fpu		: yes
fpu_exception	: yes
cpuid level	: 13
wp		: yes
flags		: fpu vme de pse tsc msr pae mce cx8 apic sep mtrr pge mca cmov pat pse36 clflush dts acpi mmx fxsr sse sse2 ss ht tm pbe syscall nx pdpe1gb rdtscp lm constant_tsc arch_perfmon pebs bts rep_good nopl xtopology nonstop_tsc aperfmperf eagerfpu pni pclmulqdq dtes64 monitor ds_cpl vmx est tm2 ssse3 fma cx16 xtpr pdcm pcid sse4_1 sse4_2 x2apic movbe popcnt tsc_deadline_timer aes xsave avx f16c rdrand lahf_lm abm ida arat epb xsaveopt pln pts dtherm tpr_shadow vnmi flexpriority ept vpid fsgsbase tsc_adjust bmi1 avx2 smep bmi2 erms invpcid
bogomips	: 6396.50
clflush size	: 64
cache_alignment	: 64
address sizes	: 39 bits physical, 48 bits virtual
power management:



Memory: 4k page, physical 8043624k(102012k free), swap 0k(0k free)

vm_info: OpenJDK 64-Bit Server VM (24.79-b02) for linux-amd64 JRE (1.7.0_79-b14), built on Apr 16 2015 08:21:58 by "buildd" with gcc 4.8.2

time: Thu Apr 30 13:39:52 2015
elapsed time: 0 seconds

